<?xml version="1.0" encoding="UTF-8"?>
<!-- Generated by org.testng.reporters.JUnitReportReporter -->
<testsuite hostname="DESKTOP-QQJDICL" failures="0" tests="5" name="testCases.TC_003_LoginDDT" time="36.432" errors="0" timestamp="2024-03-18T23:52:52 IST" skipped="0">
  <testcase classname="testCases.TC_003_LoginDDT" name="verify_LoginDDT" time="1.917"/>
  <testcase classname="testCases.TC_003_LoginDDT" name="verify_LoginDDT" time="11.045"/>
  <testcase classname="testCases.TC_003_LoginDDT" name="verify_LoginDDT" time="10.954"/>
  <testcase classname="testCases.TC_003_LoginDDT" name="verify_LoginDDT" time="1.440"/>
  <testcase classname="testCases.TC_003_LoginDDT" name="verify_LoginDDT" time="11.076"/>
</testsuite> <!-- testCases.TC_003_LoginDDT -->
