<?xml version="1.0" encoding="UTF-8"?>
<!-- Generated by org.testng.reporters.JUnitReportReporter -->
<testsuite hostname="DESKTOP-QQJDICL" failures="0" tests="1" name="testCases.TC_002_LoginTest" time="1.595" errors="0" timestamp="2024-03-22T16:25:45 IST" skipped="0">
  <testcase classname="testCases.TC_002_LoginTest" name="Verify_Login" time="1.595"/>
</testsuite> <!-- testCases.TC_002_LoginTest -->
