<?xml version="1.0" encoding="UTF-8"?>
<!-- Generated by org.testng.reporters.JUnitReportReporter -->
<testsuite hostname="DESKTOP-QQJDICL" failures="0" tests="1" name="testCases.TC_001_AccountRegistrationTest" time="2.326" errors="0" timestamp="2024-03-22T16:25:45 IST" skipped="0">
  <testcase classname="testCases.TC_001_AccountRegistrationTest" name="Verify_Account_Registration" time="2.326"/>
</testsuite> <!-- testCases.TC_001_AccountRegistrationTest -->
